{"level":"error","message":"No fue posible iniciar la API: SASL: SCRAM-SERVER-FIRST-MESSAGE: client password must be a string","service":"BancoFuego","timestamp":"2026-07-17 15:08:49"}
{"level":"info","message":"API BancoFuego ejecutándose en el puerto 3000","service":"BancoFuego","timestamp":"2026-07-21 08:35:47"}
{"level":"error","message":"Error no controlado en POST /api/auth/login: column \"pin_hash\" does not exist","requestId":"6f8913c2-20b2-4589-ae9f-16bd238c1178","ruta":"POST /api/auth/login","service":"BancoFuego","stack":"error: column \"pin_hash\" does not exist\n    at C:\\Users\\jefferson.veloz\\Desktop\\BancoFuego\\node_modules\\pg-pool\\index.js:45:11\n    at processTicksAndRejections (node:internal/process/task_queues:105:5)\n    at async AutenticacionRepositoryPostgres.buscarPorTarjetaId (C:\\Users\\jefferson.veloz\\Desktop\\BancoFuego\\src\\Infrastructure\\Database\\Repositories\\AutenticacionRepositoryPostgres.ts:24:13)\n    at async AutenticacionService.autenticar (C:\\Users\\jefferson.veloz\\Desktop\\BancoFuego\\src\\Application\\Services\\AutenticacionService.ts:67:13)\n    at async login (C:\\Users\\jefferson.veloz\\Desktop\\BancoFuego\\src\\Presentation\\Http\\Controllers\\AuthController.ts:27:17)","timestamp":"2026-07-21 08:38:11"}
{"level":"info","message":"API BancoFuego ejecutándose en el puerto 3000","service":"BancoFuego","timestamp":"2026-07-21 08:57:44"}
{"level":"info","message":"[HISTORIAL] Operación disponible en el historial: LOGIN_REALIZADO","service":"BancoFuego","timestamp":"2026-07-21 08:58:07"}
{"level":"info","message":"[EVENTO] Evento recibido: LOGIN_REALIZADO","service":"BancoFuego","timestamp":"2026-07-21 08:58:07"}
{"level":"info","message":"[AUDITORÍA] Operación registrada: LOGIN_REALIZADO","service":"BancoFuego","timestamp":"2026-07-21 08:58:07"}
{"level":"info","message":"[CORREO] Notificación simulada por: LOGIN_REALIZADO","service":"BancoFuego","timestamp":"2026-07-21 08:58:07"}
{"level":"info","message":"API BancoFuego ejecutándose en el puerto 3000","service":"BancoFuego","timestamp":"2026-07-21 09:08:18"}
{"level":"info","message":"API BancoFuego ejecutándose en el puerto 3000","service":"BancoFuego","timestamp":"2026-07-21 09:09:30"}
{"level":"info","message":"API BancoFuego ejecutándose en el puerto 3000","service":"BancoFuego","timestamp":"2026-07-21 09:12:01"}
{"level":"info","message":"[HISTORIAL] Operación disponible en el historial: LOGIN_REALIZADO","service":"BancoFuego","timestamp":"2026-07-21 09:12:18"}
{"level":"info","message":"[EVENTO] Evento recibido: LOGIN_REALIZADO","service":"BancoFuego","timestamp":"2026-07-21 09:12:18"}
{"level":"info","message":"[AUDITORÍA] Operación registrada: LOGIN_REALIZADO","service":"BancoFuego","timestamp":"2026-07-21 09:12:18"}
{"level":"info","message":"[CORREO] Notificación simulada por: LOGIN_REALIZADO","service":"BancoFuego","timestamp":"2026-07-21 09:12:18"}
{"level":"info","message":"API BancoFuego ejecutándose en el puerto 3000","service":"BancoFuego","timestamp":"2026-07-21 09:58:17"}
{"level":"info","message":"[HISTORIAL] Operación disponible en el historial: LOGIN_REALIZADO","service":"BancoFuego","timestamp":"2026-07-21 09:59:39"}
{"level":"info","message":"[EVENTO] Evento recibido: LOGIN_REALIZADO","service":"BancoFuego","timestamp":"2026-07-21 09:59:39"}
{"level":"info","message":"[AUDITORÍA] Operación registrada: LOGIN_REALIZADO","service":"BancoFuego","timestamp":"2026-07-21 09:59:39"}
{"level":"info","message":"[CORREO] Notificación simulada por: LOGIN_REALIZADO","service":"BancoFuego","timestamp":"2026-07-21 09:59:39"}
{"level":"error","message":"Error no controlado en POST /api/operaciones/depositos: column \"id_cuenta\" of relation \"idempotenciaoperacion\" does not exist","requestId":"a3b4efcc-d781-4a71-aa24-29e53a6488be","ruta":"POST /api/operaciones/depositos","service":"BancoFuego","stack":"error: column \"id_cuenta\" of relation \"idempotenciaoperacion\" does not exist\n    at C:\\Users\\jefferson.veloz\\Desktop\\BancoFuego\\node_modules\\pg\\lib\\client.js:652:17\n    at processTicksAndRejections (node:internal/process/task_queues:105:5)\n    at async IdempotenciaRepositoryPostgres.iniciar (C:\\Users\\jefferson.veloz\\Desktop\\BancoFuego\\src\\Infrastructure\\Database\\Repositories\\IdempotenciaRepositoryPostgres.ts:37:13)\n    at async C:\\Users\\jefferson.veloz\\Desktop\\BancoFuego\\src\\Application\\Services\\DepositoService.ts:51:29\n    at async PostgresUnidadDeTrabajo.ejecutar (C:\\Users\\jefferson.veloz\\Desktop\\BancoFuego\\src\\Infrastructure\\Database\\PostgresUnidadDeTrabajo.ts:52:17)\n    at async DepositoService.ejecutar (C:\\Users\\jefferson.veloz\\Desktop\\BancoFuego\\src\\Application\\Services\\DepositoService.ts:44:13)\n    at async depositar (C:\\Users\\jefferson.veloz\\Desktop\\BancoFuego\\src\\Presentation\\Http\\Controllers\\OperacionController.ts:46:17)","timestamp":"2026-07-21 10:00:09"}
{"level":"error","message":"Error no controlado en POST /api/operaciones/retiros: column \"id_cuenta\" of relation \"idempotenciaoperacion\" does not exist","requestId":"0baf5f69-eaa3-4f3a-9584-8d7cf992a637","ruta":"POST /api/operaciones/retiros","service":"BancoFuego","stack":"error: column \"id_cuenta\" of relation \"idempotenciaoperacion\" does not exist\n    at C:\\Users\\jefferson.veloz\\Desktop\\BancoFuego\\node_modules\\pg\\lib\\client.js:652:17\n    at processTicksAndRejections (node:internal/process/task_queues:105:5)\n    at async IdempotenciaRepositoryPostgres.iniciar (C:\\Users\\jefferson.veloz\\Desktop\\BancoFuego\\src\\Infrastructure\\Database\\Repositories\\IdempotenciaRepositoryPostgres.ts:37:13)\n    at async C:\\Users\\jefferson.veloz\\Desktop\\BancoFuego\\src\\Application\\Services\\RetiroService.ts:62:29\n    at async PostgresUnidadDeTrabajo.ejecutar (C:\\Users\\jefferson.veloz\\Desktop\\BancoFuego\\src\\Infrastructure\\Database\\PostgresUnidadDeTrabajo.ts:52:17)\n    at async RetiroService.ejecutar (C:\\Users\\jefferson.veloz\\Desktop\\BancoFuego\\src\\Application\\Services\\RetiroService.ts:55:13)\n    at async retirar (C:\\Users\\jefferson.veloz\\Desktop\\BancoFuego\\src\\Presentation\\Http\\Controllers\\OperacionController.ts:80:17)","timestamp":"2026-07-21 10:00:34"}
{"level":"error","message":"Error no controlado en GET /api/historial/me: column \"saldo_posterior\" does not exist","requestId":"d9c113e7-5919-4ec0-8191-a9d2d72bca14","ruta":"GET /api/historial/me","service":"BancoFuego","stack":"error: column \"saldo_posterior\" does not exist\n    at C:\\Users\\jefferson.veloz\\Desktop\\BancoFuego\\node_modules\\pg-pool\\index.js:45:11\n    at processTicksAndRejections (node:internal/process/task_queues:105:5)\n    at async MovimientoRepositoryPostgres.buscarPorCuentaId (C:\\Users\\jefferson.veloz\\Desktop\\BancoFuego\\src\\Infrastructure\\Database\\Repositories\\MovimientoRepositoryPostgres.ts:55:13)\n    at async HistorialService.obtenerPorCuenta (C:\\Users\\jefferson.veloz\\Desktop\\BancoFuego\\src\\Application\\Services\\HistorialService.ts:19:13)\n    at async obtenerPropio (C:\\Users\\jefferson.veloz\\Desktop\\BancoFuego\\src\\Presentation\\Http\\Controllers\\HistorialController.ts:25:17)","timestamp":"2026-07-21 10:01:16"}
{"level":"info","message":"API BancoFuego ejecutándose en el puerto 3000","service":"BancoFuego","timestamp":"2026-07-21 10:45:41"}
{"level":"info","message":"API BancoFuego ejecutándose en el puerto 3000","service":"BancoFuego","timestamp":"2026-07-21 10:52:50"}
{"level":"info","message":"API BancoFuego ejecutándose en el puerto 3000","service":"BancoFuego","timestamp":"2026-07-21 11:01:08"}
{"level":"info","message":"[HISTORIAL] Operación disponible en el historial: LOGIN_REALIZADO","service":"BancoFuego","timestamp":"2026-07-21 11:02:52"}
{"level":"info","message":"[EVENTO] Evento recibido: LOGIN_REALIZADO","service":"BancoFuego","timestamp":"2026-07-21 11:02:52"}
{"level":"info","message":"[AUDITORÍA] Operación registrada: LOGIN_REALIZADO","service":"BancoFuego","timestamp":"2026-07-21 11:02:52"}
{"level":"info","message":"[CORREO] Notificación simulada por: LOGIN_REALIZADO","service":"BancoFuego","timestamp":"2026-07-21 11:02:52"}
{"level":"error","message":"Error no controlado en POST /api/operaciones/depositos: null value in column \"numero_tarjeta\" of relation \"idempotenciaoperacion\" violates not-null constraint","requestId":"9f66aa6f-7ff6-4ce0-89b6-59fdd0f23f81","ruta":"POST /api/operaciones/depositos","service":"BancoFuego","stack":"error: null value in column \"numero_tarjeta\" of relation \"idempotenciaoperacion\" violates not-null constraint\n    at C:\\Users\\christopher.vera\\Documents\\BancoFuego\\node_modules\\pg\\lib\\client.js:652:17\n    at processTicksAndRejections (node:internal/process/task_queues:105:5)\n    at async IdempotenciaRepositoryPostgres.iniciar (C:\\Users\\christopher.vera\\Documents\\BancoFuego\\src\\Infrastructure\\Database\\Repositories\\IdempotenciaRepositoryPostgres.ts:37:13)\n    at async C:\\Users\\christopher.vera\\Documents\\BancoFuego\\src\\Application\\Services\\DepositoService.ts:51:29\n    at async PostgresUnidadDeTrabajo.ejecutar (C:\\Users\\christopher.vera\\Documents\\BancoFuego\\src\\Infrastructure\\Database\\PostgresUnidadDeTrabajo.ts:52:17)\n    at async DepositoService.ejecutar (C:\\Users\\christopher.vera\\Documents\\BancoFuego\\src\\Application\\Services\\DepositoService.ts:44:13)\n    at async depositar (C:\\Users\\christopher.vera\\Documents\\BancoFuego\\src\\Presentation\\Http\\Controllers\\OperacionController.ts:46:17)","timestamp":"2026-07-21 11:03:22"}
{"level":"error","message":"Error no controlado en POST /api/operaciones/retiros: null value in column \"numero_tarjeta\" of relation \"idempotenciaoperacion\" violates not-null constraint","requestId":"386ce6c4-27fe-4530-8615-53c764b7aadb","ruta":"POST /api/operaciones/retiros","service":"BancoFuego","stack":"error: null value in column \"numero_tarjeta\" of relation \"idempotenciaoperacion\" violates not-null constraint\n    at C:\\Users\\christopher.vera\\Documents\\BancoFuego\\node_modules\\pg\\lib\\client.js:652:17\n    at processTicksAndRejections (node:internal/process/task_queues:105:5)\n    at async IdempotenciaRepositoryPostgres.iniciar (C:\\Users\\christopher.vera\\Documents\\BancoFuego\\src\\Infrastructure\\Database\\Repositories\\IdempotenciaRepositoryPostgres.ts:37:13)\n    at async C:\\Users\\christopher.vera\\Documents\\BancoFuego\\src\\Application\\Services\\RetiroService.ts:62:29\n    at async PostgresUnidadDeTrabajo.ejecutar (C:\\Users\\christopher.vera\\Documents\\BancoFuego\\src\\Infrastructure\\Database\\PostgresUnidadDeTrabajo.ts:52:17)\n    at async RetiroService.ejecutar (C:\\Users\\christopher.vera\\Documents\\BancoFuego\\src\\Application\\Services\\RetiroService.ts:55:13)\n    at async retirar (C:\\Users\\christopher.vera\\Documents\\BancoFuego\\src\\Presentation\\Http\\Controllers\\OperacionController.ts:80:17)","timestamp":"2026-07-21 11:03:30"}
{"level":"info","message":"API BancoFuego ejecutándose en el puerto 3000","service":"BancoFuego","timestamp":"2026-07-21 15:59:14"}
{"level":"info","message":"Worker interbancario iniciado cada 30000 ms.","service":"BancoFuego","timestamp":"2026-07-21 15:59:14"}
{"level":"warn","message":"Error en el worker interbancario: column \"actualizado_en\" does not exist","service":"BancoFuego","timestamp":"2026-07-21 15:59:44"}
{"level":"warn","message":"Error en el worker interbancario: column \"actualizado_en\" does not exist","service":"BancoFuego","timestamp":"2026-07-21 16:00:14"}
{"level":"warn","message":"Error en el worker interbancario: column \"actualizado_en\" does not exist","service":"BancoFuego","timestamp":"2026-07-21 16:00:44"}
{"level":"warn","message":"Error en el worker interbancario: column \"actualizado_en\" does not exist","service":"BancoFuego","timestamp":"2026-07-21 16:01:14"}
{"level":"warn","message":"Error en el worker interbancario: column \"actualizado_en\" does not exist","service":"BancoFuego","timestamp":"2026-07-21 16:01:44"}
{"level":"warn","message":"Error en el worker interbancario: column \"actualizado_en\" does not exist","service":"BancoFuego","timestamp":"2026-07-21 16:02:14"}
{"level":"warn","message":"Error en el worker interbancario: column \"actualizado_en\" does not exist","service":"BancoFuego","timestamp":"2026-07-21 16:02:44"}
{"level":"warn","message":"Error en el worker interbancario: column \"actualizado_en\" does not exist","service":"BancoFuego","timestamp":"2026-07-21 16:03:14"}
{"level":"warn","message":"Error en el worker interbancario: column \"actualizado_en\" does not exist","service":"BancoFuego","timestamp":"2026-07-21 16:03:44"}
{"level":"warn","message":"Error en el worker interbancario: column \"actualizado_en\" does not exist","service":"BancoFuego","timestamp":"2026-07-21 16:04:14"}
{"level":"warn","message":"Error en el worker interbancario: column \"actualizado_en\" does not exist","service":"BancoFuego","timestamp":"2026-07-21 16:04:44"}
{"level":"warn","message":"Error en el worker interbancario: column \"actualizado_en\" does not exist","service":"BancoFuego","timestamp":"2026-07-21 16:05:14"}
{"level":"warn","message":"Error en el worker interbancario: column \"actualizado_en\" does not exist","service":"BancoFuego","timestamp":"2026-07-21 16:05:44"}
{"level":"warn","message":"Error en el worker interbancario: column \"actualizado_en\" does not exist","service":"BancoFuego","timestamp":"2026-07-21 16:06:14"}
{"level":"warn","message":"Error en el worker interbancario: column \"actualizado_en\" does not exist","service":"BancoFuego","timestamp":"2026-07-21 16:06:44"}
{"level":"warn","message":"Error en el worker interbancario: column \"actualizado_en\" does not exist","service":"BancoFuego","timestamp":"2026-07-21 16:07:14"}
{"level":"warn","message":"Error en el worker interbancario: column \"actualizado_en\" does not exist","service":"BancoFuego","timestamp":"2026-07-21 16:07:44"}
{"level":"warn","message":"Error en el worker interbancario: column \"actualizado_en\" does not exist","service":"BancoFuego","timestamp":"2026-07-21 16:08:14"}
{"level":"warn","message":"Error en el worker interbancario: column \"actualizado_en\" does not exist","service":"BancoFuego","timestamp":"2026-07-21 16:08:44"}
{"level":"warn","message":"Error en el worker interbancario: column \"actualizado_en\" does not exist","service":"BancoFuego","timestamp":"2026-07-21 16:09:14"}
